已經開始建置於 2017/6/1 下午 02:58:51。
     1>節點 2 (Build 目標) 上的專案 "G:\concept_test\GoogleTest\googletest-master\googletest\msvc\gtest-md.vcxproj"。
     1>ClCompile:
         C:\Program Files (x86)\Microsoft Visual Studio 11.0\VC\bin\CL.exe /c /I.. /I..\include /ZI /nologo /W3 /WX- /Od /Oy- /D WIN32 /D _DEBUG /D _LIB /D _MBCS /Gm /EHsc /RTC1 /MDd /GS /fp:precise /Zc:wchar_t /Zc:forScope /Fo"gtest-md/Debug\gtest-md\\" /Fd"gtest-md/Debug\gtest-md\vc110.pdb" /Gd /TP /analyze- /errorReport:prompt "..\src\gtest-all.cc"
         gtest-all.cc
     1>g:\concept_test\googletest\googletest-master\googletest\include\gtest\internal\gtest-internal.h : warning C4819: 檔案含有無法在目前字碼頁 (950) 中表示的字元。請以 Unicode 格式儲存檔案以防止資料遺失
     1>g:\concept_test\googletest\googletest-master\googletest\include\gtest\gtest-printers.h(666): error C2977: 'std::tuple' : 樣板 引數太多
                 c:\program files (x86)\microsoft visual studio 11.0\vc\include\utility(73) : 請參閱 'std::tuple' 的宣告
     1>g:\concept_test\googletest\googletest-master\googletest\include\gtest\gtest-printers.h(674): error C2977: 'std::tuple' : 樣板 引數太多
                 c:\program files (x86)\microsoft visual studio 11.0\vc\include\utility(73) : 請參閱 'std::tuple' 的宣告
     1>g:\concept_test\googletest\googletest-master\googletest\include\gtest\internal\gtest-param-util-generated.h(4341): error C2977: 'std::tuple' : 樣板 引數太多
                 c:\program files (x86)\microsoft visual studio 11.0\vc\include\utility(73) : 請參閱 'std::tuple' 的宣告
                 g:\concept_test\googletest\googletest-master\googletest\include\gtest\internal\gtest-param-util-generated.h(4573) : 請參閱所要編譯的類別 樣板 具現化 'testing::internal::CartesianProductGenerator9<T1,T2,T3,T4,T5,T6,T7,T8,T9>' 的參考
     1>g:\concept_test\googletest\googletest-master\googletest\include\gtest\internal\gtest-param-util-generated.h(4341): error C3203: 'tuple' : 非特製化類別 樣板 不可做為 樣板 引數 (對 樣板 參數 'T' 而言)，它必須是實際型別
     1>g:\concept_test\googletest\googletest-master\googletest\include\gtest\internal\gtest-param-util-generated.h(4341): error C2955: 'std::tuple' : 使用類別 樣板 必須有 樣板 引數清單
                 c:\program files (x86)\microsoft visual studio 11.0\vc\include\utility(73) : 請參閱 'std::tuple' 的宣告
     1>g:\concept_test\googletest\googletest-master\googletest\include\gtest\internal\gtest-param-util-generated.h(4341): error C2955: 'testing::internal::ParamGeneratorInterface' : 使用類別 樣板 必須有 樣板 引數清單
                 g:\concept_test\googletest\googletest-master\googletest\include\gtest\internal\gtest-param-util.h(166) : 請參閱 'testing::internal::ParamGeneratorInterface' 的宣告
     1>g:\concept_test\googletest\googletest-master\googletest\include\gtest\internal\gtest-param-util-generated.h(4343): error C2977: 'std::tuple' : 樣板 引數太多
                 c:\program files (x86)\microsoft visual studio 11.0\vc\include\utility(73) : 請參閱 'std::tuple' 的宣告
     1>g:\concept_test\googletest\googletest-master\googletest\include\gtest\internal\gtest-param-util-generated.h(4354): error C3203: 'tuple' : 非特製化類別 樣板 不可做為 樣板 引數 (對 樣板 參數 'T' 而言)，它必須是實際型別
     1>g:\concept_test\googletest\googletest-master\googletest\include\gtest\internal\gtest-param-util-generated.h(4354): error C2955: 'std::tuple' : 使用類別 樣板 必須有 樣板 引數清單
                 c:\program files (x86)\microsoft visual studio 11.0\vc\include\utility(73) : 請參閱 'std::tuple' 的宣告
     1>g:\concept_test\googletest\googletest-master\googletest\include\gtest\internal\gtest-param-util-generated.h(4359): error C3203: 'tuple' : 非特製化類別 樣板 不可做為 樣板 引數 (對 樣板 參數 'T' 而言)，它必須是實際型別
     1>g:\concept_test\googletest\googletest-master\googletest\include\gtest\internal\gtest-param-util-generated.h(4359): error C2955: 'std::tuple' : 使用類別 樣板 必須有 樣板 引數清單
                 c:\program files (x86)\microsoft visual studio 11.0\vc\include\utility(73) : 請參閱 'std::tuple' 的宣告
     1>g:\concept_test\googletest\googletest-master\googletest\include\gtest\internal\gtest-param-util-generated.h(4366): error C3203: 'tuple' : 非特製化類別 樣板 不可做為 樣板 引數 (對 樣板 參數 'T' 而言)，它必須是實際型別
                 g:\concept_test\googletest\googletest-master\googletest\include\gtest\internal\gtest-param-util-generated.h(4366) : 請參閱所要編譯的類別 樣板 具現化 'testing::internal::CartesianProductGenerator9<T1,T2,T3,T4,T5,T6,T7,T8,T9>::Iterator' 的參考
     1>g:\concept_test\googletest\googletest-master\googletest\include\gtest\internal\gtest-param-util-generated.h(4366): error C2955: 'std::tuple' : 使用類別 樣板 必須有 樣板 引數清單
                 c:\program files (x86)\microsoft visual studio 11.0\vc\include\utility(73) : 請參閱 'std::tuple' 的宣告
     1>g:\concept_test\googletest\googletest-master\googletest\include\gtest\internal\gtest-param-util-generated.h(4366): error C2955: 'testing::internal::ParamIteratorInterface' : 使用類別 樣板 必須有 樣板 引數清單
                 g:\concept_test\googletest\googletest-master\googletest\include\gtest\internal\gtest-param-util.h(93) : 請參閱 'testing::internal::ParamIteratorInterface' 的宣告
     1>g:\concept_test\googletest\googletest-master\googletest\include\gtest\internal\gtest-param-util-generated.h(4368): error C3203: 'tuple' : 非特製化類別 樣板 不可做為 樣板 引數 (對 樣板 參數 'T' 而言)，它必須是實際型別
     1>g:\concept_test\googletest\googletest-master\googletest\include\gtest\internal\gtest-param-util-generated.h(4368): error C2955: 'std::tuple' : 使用類別 樣板 必須有 樣板 引數清單
                 c:\program files (x86)\microsoft visual studio 11.0\vc\include\utility(73) : 請參閱 'std::tuple' 的宣告
                 c:\program files (x86)\microsoft visual studio 11.0\vc\include\utility(73) : 請參閱 'std::tuple' 的宣告
     1>g:\concept_test\googletest\googletest-master\googletest\include\gtest\internal\gtest-param-util-generated.h(4401): error C3203: 'tuple' : 非特製化類別 樣板 不可做為 樣板 引數 (對 樣板 參數 'T' 而言)，它必須是實際型別
     1>g:\concept_test\googletest\googletest-master\googletest\include\gtest\internal\gtest-param-util-generated.h(4401): error C2955: 'std::tuple' : 使用類別 樣板 必須有 樣板 引數清單
                 c:\program files (x86)\microsoft visual studio 11.0\vc\include\utility(73) : 請參閱 'std::tuple' 的宣告
     1>g:\concept_test\googletest\googletest-master\googletest\include\gtest\internal\gtest-param-util-generated.h(4443): error C3203: 'tuple' : 非特製化類別 樣板 不可做為 樣板 引數 (對 樣板 參數 'T' 而言)，它必須是實際型別
     1>g:\concept_test\googletest\googletest-master\googletest\include\gtest\internal\gtest-param-util-generated.h(4443): error C2955: 'std::tuple' : 使用類別 樣板 必須有 樣板 引數清單
                 c:\program files (x86)\microsoft visual studio 11.0\vc\include\utility(73) : 請參閱 'std::tuple' 的宣告
     1>g:\concept_test\googletest\googletest-master\googletest\include\gtest\internal\gtest-param-util-generated.h(4447): error C3203: 'tuple' : 非特製化類別 樣板 不可做為 樣板 引數 (對 樣板 參數 'T' 而言)，它必須是實際型別
     1>g:\concept_test\googletest\googletest-master\googletest\include\gtest\internal\gtest-param-util-generated.h(4447): error C2955: 'std::tuple' : 使用類別 樣板 必須有 樣板 引數清單
                 c:\program files (x86)\microsoft visual studio 11.0\vc\include\utility(73) : 請參閱 'std::tuple' 的宣告
     1>g:\concept_test\googletest\googletest-master\googletest\include\gtest\internal\gtest-param-util-generated.h(4528): error C3203: 'tuple' : 非特製化類別 樣板 不可做為 樣板 引數 (對 樣板 參數 'T' 而言)，它必須是實際型別
     1>g:\concept_test\googletest\googletest-master\googletest\include\gtest\internal\gtest-param-util-generated.h(4528): error C2955: 'std::tuple' : 使用類別 樣板 必須有 樣板 引數清單
                 c:\program files (x86)\microsoft visual studio 11.0\vc\include\utility(73) : 請參閱 'std::tuple' 的宣告
     1>g:\concept_test\googletest\googletest-master\googletest\include\gtest\internal\gtest-param-util-generated.h(4580): error C2977: 'std::tuple' : 樣板 引數太多
                 c:\program files (x86)\microsoft visual studio 11.0\vc\include\utility(73) : 請參閱 'std::tuple' 的宣告
                 g:\concept_test\googletest\googletest-master\googletest\include\gtest\internal\gtest-param-util-generated.h(4829) : 請參閱所要編譯的類別 樣板 具現化 'testing::internal::CartesianProductGenerator10<T1,T2,T3,T4,T5,T6,T7,T8,T9,T10>' 的參考
     1>g:\concept_test\googletest\googletest-master\googletest\include\gtest\internal\gtest-param-util-generated.h(4580): error C3203: 'tuple' : 非特製化類別 樣板 不可做為 樣板 引數 (對 樣板 參數 'T' 而言)，它必須是實際型別
     1>g:\concept_test\googletest\googletest-master\googletest\include\gtest\internal\gtest-param-util-generated.h(4580): error C2955: 'std::tuple' : 使用類別 樣板 必須有 樣板 引數清單
                 c:\program files (x86)\microsoft visual studio 11.0\vc\include\utility(73) : 請參閱 'std::tuple' 的宣告
     1>g:\concept_test\googletest\googletest-master\googletest\include\gtest\internal\gtest-param-util-generated.h(4580): error C2955: 'testing::internal::ParamGeneratorInterface' : 使用類別 樣板 必須有 樣板 引數清單
                 g:\concept_test\googletest\googletest-master\googletest\include\gtest\internal\gtest-param-util.h(166) : 請參閱 'testing::internal::ParamGeneratorInterface' 的宣告
     1>g:\concept_test\googletest\googletest-master\googletest\include\gtest\internal\gtest-param-util-generated.h(4582): error C2977: 'std::tuple' : 樣板 引數太多
                 c:\program files (x86)\microsoft visual studio 11.0\vc\include\utility(73) : 請參閱 'std::tuple' 的宣告
     1>g:\concept_test\googletest\googletest-master\googletest\include\gtest\internal\gtest-param-util-generated.h(4594): error C3203: 'tuple' : 非特製化類別 樣板 不可做為 樣板 引數 (對 樣板 參數 'T' 而言)，它必須是實際型別
     1>g:\concept_test\googletest\googletest-master\googletest\include\gtest\internal\gtest-param-util-generated.h(4594): error C2955: 'std::tuple' : 使用類別 樣板 必須有 樣板 引數清單
                 c:\program files (x86)\microsoft visual studio 11.0\vc\include\utility(73) : 請參閱 'std::tuple' 的宣告
     1>g:\concept_test\googletest\googletest-master\googletest\include\gtest\internal\gtest-param-util-generated.h(4599): error C3203: 'tuple' : 非特製化類別 樣板 不可做為 樣板 引數 (對 樣板 參數 'T' 而言)，它必須是實際型別
     1>g:\concept_test\googletest\googletest-master\googletest\include\gtest\internal\gtest-param-util-generated.h(4599): error C2955: 'std::tuple' : 使用類別 樣板 必須有 樣板 引數清單
                 c:\program files (x86)\microsoft visual studio 11.0\vc\include\utility(73) : 請參閱 'std::tuple' 的宣告
     1>g:\concept_test\googletest\googletest-master\googletest\include\gtest\internal\gtest-param-util-generated.h(4606): error C3203: 'tuple' : 非特製化類別 樣板 不可做為 樣板 引數 (對 樣板 參數 'T' 而言)，它必須是實際型別
                 g:\concept_test\googletest\googletest-master\googletest\include\gtest\internal\gtest-param-util-generated.h(4606) : 請參閱所要編譯的類別 樣板 具現化 'testing::internal::CartesianProductGenerator10<T1,T2,T3,T4,T5,T6,T7,T8,T9,T10>::Iterator' 的參考
     1>g:\concept_test\googletest\googletest-master\googletest\include\gtest\internal\gtest-param-util-generated.h(4606): error C2955: 'std::tuple' : 使用類別 樣板 必須有 樣板 引數清單
                 c:\program files (x86)\microsoft visual studio 11.0\vc\include\utility(73) : 請參閱 'std::tuple' 的宣告
     1>g:\concept_test\googletest\googletest-master\googletest\include\gtest\internal\gtest-param-util-generated.h(4606): error C2955: 'testing::internal::ParamIteratorInterface' : 使用類別 樣板 必須有 樣板 引數清單
                 g:\concept_test\googletest\googletest-master\googletest\include\gtest\internal\gtest-param-util.h(93) : 請參閱 'testing::internal::ParamIteratorInterface' 的宣告
     1>g:\concept_test\googletest\googletest-master\googletest\include\gtest\internal\gtest-param-util-generated.h(4608): error C3203: 'tuple' : 非特製化類別 樣板 不可做為 樣板 引數 (對 樣板 參數 'T' 而言)，它必須是實際型別
     1>g:\concept_test\googletest\googletest-master\googletest\include\gtest\internal\gtest-param-util-generated.h(4608): error C2955: 'std::tuple' : 使用類別 樣板 必須有 樣板 引數清單
                 c:\program files (x86)\microsoft visual studio 11.0\vc\include\utility(73) : 請參閱 'std::tuple' 的宣告
                 c:\program files (x86)\microsoft visual studio 11.0\vc\include\utility(73) : 請參閱 'std::tuple' 的宣告
     1>g:\concept_test\googletest\googletest-master\googletest\include\gtest\internal\gtest-param-util-generated.h(4644): error C3203: 'tuple' : 非特製化類別 樣板 不可做為 樣板 引數 (對 樣板 參數 'T' 而言)，它必須是實際型別
     1>g:\concept_test\googletest\googletest-master\googletest\include\gtest\internal\gtest-param-util-generated.h(4644): error C2955: 'std::tuple' : 使用類別 樣板 必須有 樣板 引數清單
                 c:\program files (x86)\microsoft visual studio 11.0\vc\include\utility(73) : 請參閱 'std::tuple' 的宣告
     1>g:\concept_test\googletest\googletest-master\googletest\include\gtest\internal\gtest-param-util-generated.h(4690): error C3203: 'tuple' : 非特製化類別 樣板 不可做為 樣板 引數 (對 樣板 參數 'T' 而言)，它必須是實際型別
     1>g:\concept_test\googletest\googletest-master\googletest\include\gtest\internal\gtest-param-util-generated.h(4690): error C2955: 'std::tuple' : 使用類別 樣板 必須有 樣板 引數清單
                 c:\program files (x86)\microsoft visual studio 11.0\vc\include\utility(73) : 請參閱 'std::tuple' 的宣告
     1>g:\concept_test\googletest\googletest-master\googletest\include\gtest\internal\gtest-param-util-generated.h(4694): error C3203: 'tuple' : 非特製化類別 樣板 不可做為 樣板 引數 (對 樣板 參數 'T' 而言)，它必須是實際型別
     1>g:\concept_test\googletest\googletest-master\googletest\include\gtest\internal\gtest-param-util-generated.h(4694): error C2955: 'std::tuple' : 使用類別 樣板 必須有 樣板 引數清單
                 c:\program files (x86)\microsoft visual studio 11.0\vc\include\utility(73) : 請參閱 'std::tuple' 的宣告
     1>g:\concept_test\googletest\googletest-master\googletest\include\gtest\internal\gtest-param-util-generated.h(4780): error C3203: 'tuple' : 非特製化類別 樣板 不可做為 樣板 引數 (對 樣板 參數 'T' 而言)，它必須是實際型別
     1>g:\concept_test\googletest\googletest-master\googletest\include\gtest\internal\gtest-param-util-generated.h(4780): error C2955: 'std::tuple' : 使用類別 樣板 必須有 樣板 引數清單
                 c:\program files (x86)\microsoft visual studio 11.0\vc\include\utility(73) : 請參閱 'std::tuple' 的宣告
     1>g:\concept_test\googletest\googletest-master\googletest\include\gtest\internal\gtest-param-util-generated.h(5062): error C2977: 'std::tuple' : 樣板 引數太多
                 c:\program files (x86)\microsoft visual studio 11.0\vc\include\utility(73) : 請參閱 'std::tuple' 的宣告
                 g:\concept_test\googletest\googletest-master\googletest\include\gtest\internal\gtest-param-util-generated.h(5090) : 請參閱所要編譯的類別 樣板 具現化 'testing::internal::CartesianProductHolder9<Generator1,Generator2,Generator3,Generator4,Generator5,Generator6,Generator7,Generator8,Generator9>' 的參考
     1>g:\concept_test\googletest\googletest-master\googletest\include\gtest\internal\gtest-param-util-generated.h(5062): error C3203: 'tuple' : 非特製化類別 樣板 不可做為 樣板 引數 (對 樣板 參數 'T' 而言)，它必須是實際型別
     1>g:\concept_test\googletest\googletest-master\googletest\include\gtest\internal\gtest-param-util-generated.h(5062): error C2955: 'std::tuple' : 使用類別 樣板 必須有 樣板 引數清單
                 c:\program files (x86)\microsoft visual studio 11.0\vc\include\utility(73) : 請參閱 'std::tuple' 的宣告
     1>g:\concept_test\googletest\googletest-master\googletest\include\gtest\internal\gtest-param-util-generated.h(5106): error C2977: 'std::tuple' : 樣板 引數太多
                 c:\program files (x86)\microsoft visual studio 11.0\vc\include\utility(73) : 請參閱 'std::tuple' 的宣告
                 g:\concept_test\googletest\googletest-master\googletest\include\gtest\internal\gtest-param-util-generated.h(5137) : 請參閱所要編譯的類別 樣板 具現化 'testing::internal::CartesianProductHolder10<Generator1,Generator2,Generator3,Generator4,Generator5,Generator6,Generator7,Generator8,Generator9,Generator10>' 的參考
     1>g:\concept_test\googletest\googletest-master\googletest\include\gtest\internal\gtest-param-util-generated.h(5106): error C3203: 'tuple' : 非特製化類別 樣板 不可做為 樣板 引數 (對 樣板 參數 'T' 而言)，它必須是實際型別
     1>g:\concept_test\googletest\googletest-master\googletest\include\gtest\internal\gtest-param-util-generated.h(5106): error C2955: 'std::tuple' : 使用類別 樣板 必須有 樣板 引數清單
                 c:\program files (x86)\microsoft visual studio 11.0\vc\include\utility(73) : 請參閱 'std::tuple' 的宣告
     1>專案 "G:\concept_test\GoogleTest\googletest-master\googletest\msvc\gtest-md.vcxproj" (Build 目標) 建置完成 -- 失敗。

建置失敗。

經過時間 00:00:03.66
